Start testing: Jun 18 18:24 Беларусь (зима)
----------------------------------------------------------
1/1 Testing: CoreSimulationTests
1/1 Test: CoreSimulationTests
Command: "C:/Users/pauliq/Desktop/gitlaba/TMAU/trunk/AS0057727/task_02/src/build/Debug/unit_tests.exe"
Directory: C:/Users/pauliq/Desktop/gitlaba/TMAU/trunk/AS0057727/task_02/src/build
"CoreSimulationTests" start time: Jun 18 18:24 Беларусь (зима)
Output:
----------------------------------------------------------
[==========] Running 2 tests from 1 test suite.
[----------] Global test environment set-up.
[----------] 2 tests from SimulationTest
[ RUN      ] SimulationTest.LinearModelCalculatesCorrectly
[       OK ] SimulationTest.LinearModelCalculatesCorrectly (0 ms)
[ RUN      ] SimulationTest.NonlinearModelCalculatesCorrectly
[       OK ] SimulationTest.NonlinearModelCalculatesCorrectly (0 ms)
[----------] 2 tests from SimulationTest (0 ms total)

[----------] Global test environment tear-down
[==========] 2 tests from 1 test suite ran. (1 ms total)
[  PASSED  ] 2 tests.
<end of output>
Test time =   1.03 sec
----------------------------------------------------------
Test Passed.
"CoreSimulationTests" end time: Jun 18 18:24 Беларусь (зима)
"CoreSimulationTests" time elapsed: 00:00:01
----------------------------------------------------------

End testing: Jun 18 18:24 Беларусь (зима)
